  BleDevice.cpp
  BleDeviceContext.cpp
  BleDeviceEnumerator.cpp
  BleDeviceInfo.cpp
  BleException.cpp
  BleFunctions.cpp
  BleGattCharacteristic.cpp
  BleGattCharacteristicValue.cpp
  BleGattDescriptor.cpp
  BleGattDescriptorValue.cpp
  BleGattNotificationData.cpp
  BleGattService.cpp
  CallbackContext.cpp
  HandleWrapper.cpp
  Utility.cpp
  COM_controller.cpp
D:\StudioProject\GLFW_3d_gyro\GLFW_3d_gyro\COM_controller.h(29,37): warning C4267: инициализация: преобразование из "size_t" в "int"; возможна потеря данных
D:\StudioProject\GLFW_3d_gyro\GLFW_3d_gyro\COM_controller.h(169,1): warning C4267: инициализация: преобразование из "size_t" в "int"; возможна потеря данных
  Source.cpp
D:\StudioProject\GLFW_3d_gyro\GLFW_3d_gyro\Source.cpp(1,10): fatal error C1083: Не удается открыть файл включение: GL/glew.h: No such file or directory,
